  [1m[35m (0.1ms)[0m  [1m[34mSELECT sqlite_version(*)[0m
  ↳ bin/rails:4
  [1m[35m (153.2ms)[0m  [1m[35mCREATE TABLE "schema_migrations" ("version" varchar NOT NULL PRIMARY KEY)[0m
  ↳ bin/rails:4
  [1m[35m (84.6ms)[0m  [1m[35mCREATE TABLE "ar_internal_metadata" ("key" varchar NOT NULL PRIMARY KEY, "value" varchar, "created_at" datetime NOT NULL, "updated_at" datetime NOT NULL)[0m
  ↳ bin/rails:4
  [1m[35m (0.7ms)[0m  [1m[34mSELECT "schema_migrations"."version" FROM "schema_migrations" ORDER BY "schema_migrations"."version" ASC[0m
  ↳ bin/rails:4
Migrating to CreateUsers (20190114121952)
  [1m[35m (0.1ms)[0m  [1m[36mbegin transaction[0m
  ↳ bin/rails:4
  [1m[35m (1.4ms)[0m  [1m[35mCREATE TABLE "users" ("id" integer PRIMARY KEY AUTOINCREMENT NOT NULL, "name" varchar, "email" varchar, "created_at" datetime NOT NULL, "updated_at" datetime NOT NULL)[0m
  ↳ db/migrate/20190114121952_create_users.rb:3
  [1m[36mActiveRecord::SchemaMigration Create (0.2ms)[0m  [1m[32mINSERT INTO "schema_migrations" ("version") VALUES (?)[0m  [["version", "20190114121952"]]
  ↳ bin/rails:4
  [1m[35m (78.6ms)[0m  [1m[36mcommit transaction[0m
  ↳ bin/rails:4
  [1m[36mActiveRecord::InternalMetadata Load (0.3ms)[0m  [1m[34mSELECT  "ar_internal_metadata".* FROM "ar_internal_metadata" WHERE "ar_internal_metadata"."key" = ? LIMIT ?[0m  [["key", "environment"], ["LIMIT", 1]]
  ↳ bin/rails:4
  [1m[35m (0.1ms)[0m  [1m[36mbegin transaction[0m
  ↳ bin/rails:4
  [1m[36mActiveRecord::InternalMetadata Create (1.5ms)[0m  [1m[32mINSERT INTO "ar_internal_metadata" ("key", "value", "created_at", "updated_at") VALUES (?, ?, ?, ?)[0m  [["key", "environment"], ["value", "development"], ["created_at", "2019-01-14 12:21:08.302659"], ["updated_at", "2019-01-14 12:21:08.302659"]]
  ↳ bin/rails:4
  [1m[35m (64.4ms)[0m  [1m[36mcommit transaction[0m
  ↳ bin/rails:4
  [1m[35m (0.3ms)[0m  [1m[34mSELECT "schema_migrations"."version" FROM "schema_migrations" ORDER BY "schema_migrations"."version" ASC[0m
  ↳ bin/rails:4
Started GET "/" for 127.0.0.1 at 2019-01-14 18:07:30 +0545
  [1m[35m (0.4ms)[0m  [1m[34mSELECT "schema_migrations"."version" FROM "schema_migrations" ORDER BY "schema_migrations"."version" ASC[0m
  ↳ C:/RailsInstaller/Ruby2.3.3/lib/ruby/gems/2.3.0/gems/activerecord-5.2.2/lib/active_record/log_subscriber.rb:98
Processing by ApplicationController#hello as HTML
  Rendering html template
  Rendered html template (0.0ms)
Completed 200 OK in 25ms (Views: 11.5ms | ActiveRecord: 0.0ms)


Started GET "/" for 127.0.0.1 at 2019-01-14 18:07:33 +0545
Processing by ApplicationController#hello as HTML
  Rendering html template
  Rendered html template (0.0ms)
Completed 200 OK in 2ms (Views: 1.0ms | ActiveRecord: 0.0ms)


Started GET "/user" for 127.0.0.1 at 2019-01-14 18:20:30 +0545
  
ActionController::RoutingError (No route matches [GET] "/user"):
  
actionpack (5.2.2) lib/action_dispatch/middleware/debug_exceptions.rb:65:in `call'
web-console (3.7.0) lib/web_console/middleware.rb:135:in `call_app'
web-console (3.7.0) lib/web_console/middleware.rb:30:in `block in call'
web-console (3.7.0) lib/web_console/middleware.rb:20:in `catch'
web-console (3.7.0) lib/web_console/middleware.rb:20:in `call'
actionpack (5.2.2) lib/action_dispatch/middleware/show_exceptions.rb:33:in `call'
railties (5.2.2) lib/rails/rack/logger.rb:38:in `call_app'
railties (5.2.2) lib/rails/rack/logger.rb:26:in `block in call'
activesupport (5.2.2) lib/active_support/tagged_logging.rb:71:in `block in tagged'
activesupport (5.2.2) lib/active_support/tagged_logging.rb:28:in `tagged'
activesupport (5.2.2) lib/active_support/tagged_logging.rb:71:in `tagged'
railties (5.2.2) lib/rails/rack/logger.rb:26:in `call'
sprockets-rails (3.2.1) lib/sprockets/rails/quiet_assets.rb:13:in `call'
actionpack (5.2.2) lib/action_dispatch/middleware/remote_ip.rb:81:in `call'
actionpack (5.2.2) lib/action_dispatch/middleware/request_id.rb:27:in `call'
rack (2.0.6) lib/rack/method_override.rb:22:in `call'
rack (2.0.6) lib/rack/runtime.rb:22:in `call'
activesupport (5.2.2) lib/active_support/cache/strategy/local_cache_middleware.rb:29:in `call'
actionpack (5.2.2) lib/action_dispatch/middleware/executor.rb:14:in `call'
actionpack (5.2.2) lib/action_dispatch/middleware/static.rb:127:in `call'
rack (2.0.6) lib/rack/sendfile.rb:111:in `call'
railties (5.2.2) lib/rails/engine.rb:524:in `call'
puma (3.12.0) lib/puma/configuration.rb:225:in `call'
puma (3.12.0) lib/puma/server.rb:658:in `handle_request'
puma (3.12.0) lib/puma/server.rb:472:in `process_client'
puma (3.12.0) lib/puma/server.rb:332:in `block in run'
puma (3.12.0) lib/puma/thread_pool.rb:133:in `block in spawn_thread'
Started GET "/users" for 127.0.0.1 at 2019-01-14 18:21:08 +0545
Processing by UsersController#index as HTML
  Rendering users/index.html.erb within layouts/application
  [1m[36mUser Load (1.0ms)[0m  [1m[34mSELECT "users".* FROM "users"[0m
  ↳ app/views/users/index.html.erb:15
  Rendered users/index.html.erb within layouts/application (5.3ms)
Completed 200 OK in 1780ms (Views: 1748.3ms | ActiveRecord: 1.9ms)


Started GET "/users/new" for 127.0.0.1 at 2019-01-14 18:21:43 +0545
Processing by UsersController#new as HTML
  Rendering users/new.html.erb within layouts/application
  Rendered users/_form.html.erb (223.1ms)
  Rendered users/new.html.erb within layouts/application (257.5ms)
Completed 200 OK in 475ms (Views: 425.1ms | ActiveRecord: 1.9ms)


Started GET "/users/new" for 127.0.0.1 at 2019-01-14 18:22:10 +0545
Processing by UsersController#new as HTML
  Rendering users/new.html.erb within layouts/application
  Rendered users/_form.html.erb (3.5ms)
  Rendered users/new.html.erb within layouts/application (39.8ms)
Completed 200 OK in 235ms (Views: 204.4ms | ActiveRecord: 0.0ms)


Started POST "/users" for 127.0.0.1 at 2019-01-14 18:22:20 +0545
Processing by UsersController#create as HTML
  Parameters: {"utf8"=>"✓", "authenticity_token"=>"NEumnXXAhkojD0U9VJGk/EF4NRxJbKiaYeeDcEbiLkdMdER44HoX5C7K5ip/UiXtP9kFWC7VHbBQd8d/xjb04g==", "user"=>{"name"=>"Sushant", "email"=>"Shrestha"}, "commit"=>"Create User"}
  [1m[35m (0.1ms)[0m  [1m[36mbegin transaction[0m
  ↳ app/controllers/users_controller.rb:30
  [1m[36mUser Create (1.7ms)[0m  [1m[32mINSERT INTO "users" ("name", "email", "created_at", "updated_at") VALUES (?, ?, ?, ?)[0m  [["name", "Sushant"], ["email", "Shrestha"], ["created_at", "2019-01-14 12:37:20.990314"], ["updated_at", "2019-01-14 12:37:20.990314"]]
  ↳ app/controllers/users_controller.rb:30
  [1m[35m (86.9ms)[0m  [1m[36mcommit transaction[0m
  ↳ app/controllers/users_controller.rb:30
Redirected to http://localhost:3000/users/1
Completed 302 Found in 95ms (ActiveRecord: 88.8ms)


Started GET "/users/1" for 127.0.0.1 at 2019-01-14 18:22:21 +0545
Processing by UsersController#show as HTML
  Parameters: {"id"=>"1"}
  [1m[36mUser Load (0.3ms)[0m  [1m[34mSELECT  "users".* FROM "users" WHERE "users"."id" = ? LIMIT ?[0m  [["id", 1], ["LIMIT", 1]]
  ↳ app/controllers/users_controller.rb:67
  Rendering users/show.html.erb within layouts/application
  Rendered users/show.html.erb within layouts/application (1.0ms)
Completed 200 OK in 208ms (Views: 149.7ms | ActiveRecord: 0.3ms)


Started GET "/users" for 127.0.0.1 at 2019-01-14 18:22:24 +0545
Processing by UsersController#index as HTML
  Rendering users/index.html.erb within layouts/application
  [1m[36mUser Load (0.4ms)[0m  [1m[34mSELECT "users".* FROM "users"[0m
  ↳ app/views/users/index.html.erb:15
  Rendered users/index.html.erb within layouts/application (2.2ms)
Completed 200 OK in 174ms (Views: 143.4ms | ActiveRecord: 0.4ms)


Started GET "/users/1/edit" for 127.0.0.1 at 2019-01-14 18:22:28 +0545
Processing by UsersController#edit as HTML
  Parameters: {"id"=>"1"}
  [1m[36mUser Load (0.5ms)[0m  [1m[34mSELECT  "users".* FROM "users" WHERE "users"."id" = ? LIMIT ?[0m  [["id", 1], ["LIMIT", 1]]
  ↳ app/controllers/users_controller.rb:67
  Rendering users/edit.html.erb within layouts/application
  Rendered users/_form.html.erb (3.1ms)
  Rendered users/edit.html.erb within layouts/application (33.8ms)
Completed 200 OK in 243ms (Views: 206.7ms | ActiveRecord: 0.5ms)


Started PATCH "/users/1" for 127.0.0.1 at 2019-01-14 18:22:31 +0545
Processing by UsersController#update as HTML
  Parameters: {"utf8"=>"✓", "authenticity_token"=>"5eUap5ZbX1k2ypFVdX/T9qiVmj9cmRoNlEoboldt3ugen1fC3fssUDCNNTsyqJT71RPm4EYaiQ9zeJ6ptQ/TnQ==", "user"=>{"name"=>"Sushant", "email"=>"Shrestha"}, "commit"=>"Update User", "id"=>"1"}
  [1m[36mUser Load (0.3ms)[0m  [1m[34mSELECT  "users".* FROM "users" WHERE "users"."id" = ? LIMIT ?[0m  [["id", 1], ["LIMIT", 1]]
  ↳ app/controllers/users_controller.rb:67
  [1m[35m (0.1ms)[0m  [1m[36mbegin transaction[0m
  ↳ app/controllers/users_controller.rb:44
  [1m[35m (0.1ms)[0m  [1m[36mcommit transaction[0m
  ↳ app/controllers/users_controller.rb:44
Redirected to http://localhost:3000/users/1
Completed 302 Found in 9ms (ActiveRecord: 0.4ms)


Started GET "/users/1" for 127.0.0.1 at 2019-01-14 18:22:31 +0545
Processing by UsersController#show as HTML
  Parameters: {"id"=>"1"}
  [1m[36mUser Load (0.5ms)[0m  [1m[34mSELECT  "users".* FROM "users" WHERE "users"."id" = ? LIMIT ?[0m  [["id", 1], ["LIMIT", 1]]
  ↳ app/controllers/users_controller.rb:67
  Rendering users/show.html.erb within layouts/application
  Rendered users/show.html.erb within layouts/application (1.0ms)
Completed 200 OK in 209ms (Views: 173.6ms | ActiveRecord: 0.5ms)


Started GET "/users" for 127.0.0.1 at 2019-01-14 18:22:34 +0545
Processing by UsersController#index as HTML
  Rendering users/index.html.erb within layouts/application
  [1m[36mUser Load (0.3ms)[0m  [1m[34mSELECT "users".* FROM "users"[0m
  ↳ app/views/users/index.html.erb:15
  Rendered users/index.html.erb within layouts/application (2.1ms)
Completed 200 OK in 172ms (Views: 142.1ms | ActiveRecord: 0.3ms)


Started GET "/" for 127.0.0.1 at 2019-01-14 18:55:05 +0545
  [1m[35m (0.3ms)[0m  [1m[34mSELECT "schema_migrations"."version" FROM "schema_migrations" ORDER BY "schema_migrations"."version" ASC[0m
  ↳ C:/RailsInstaller/Ruby2.3.3/lib/ruby/gems/2.3.0/gems/activerecord-5.2.2/lib/active_record/log_subscriber.rb:98
Processing by UsersController#index as HTML
  Rendering users/index.html.erb within layouts/application
  [1m[36mUser Load (0.9ms)[0m  [1m[34mSELECT "users".* FROM "users"[0m
  ↳ app/views/users/index.html.erb:15
  Rendered users/index.html.erb within layouts/application (25.5ms)
Completed 200 OK in 551ms (Views: 488.7ms | ActiveRecord: 2.3ms)


Started GET "/users/new" for 127.0.0.1 at 2019-01-14 18:55:30 +0545
Processing by UsersController#new as HTML
  Rendering users/new.html.erb within layouts/application
  Rendered users/_form.html.erb (115.8ms)
  Rendered users/new.html.erb within layouts/application (144.2ms)
Completed 200 OK in 345ms (Views: 305.4ms | ActiveRecord: 0.0ms)


Started POST "/users" for 127.0.0.1 at 2019-01-14 18:55:46 +0545
Processing by UsersController#create as HTML
  Parameters: {"utf8"=>"✓", "authenticity_token"=>"Gdu/suRYLLLurDsM2fvsLJOOjSgdLPCwvl/6EcYXVA5h5F1XceK9HONpmBvyOG097S+9bHqVRZqPz74eRsOOqw==", "user"=>{"name"=>"Shrestha Sushant", "email"=>"shresthasushant@gmail.com"}, "commit"=>"Create User"}
  [1m[35m (0.1ms)[0m  [1m[36mbegin transaction[0m
  ↳ app/controllers/users_controller.rb:30
  [1m[36mUser Create (1.4ms)[0m  [1m[32mINSERT INTO "users" ("name", "email", "created_at", "updated_at") VALUES (?, ?, ?, ?)[0m  [["name", "Shrestha Sushant"], ["email", "shresthasushant@gmail.com"], ["created_at", "2019-01-14 13:10:46.090008"], ["updated_at", "2019-01-14 13:10:46.090008"]]
  ↳ app/controllers/users_controller.rb:30
  [1m[35m (89.4ms)[0m  [1m[36mcommit transaction[0m
  ↳ app/controllers/users_controller.rb:30
Redirected to http://localhost:3000/users/2
Completed 302 Found in 96ms (ActiveRecord: 90.8ms)


Started GET "/users/2" for 127.0.0.1 at 2019-01-14 18:55:46 +0545
Processing by UsersController#show as HTML
  Parameters: {"id"=>"2"}
  [1m[36mUser Load (0.4ms)[0m  [1m[34mSELECT  "users".* FROM "users" WHERE "users"."id" = ? LIMIT ?[0m  [["id", 2], ["LIMIT", 1]]
  ↳ app/controllers/users_controller.rb:67
  Rendering users/show.html.erb within layouts/application
  Rendered users/show.html.erb within layouts/application (0.9ms)
Completed 200 OK in 222ms (Views: 173.4ms | ActiveRecord: 0.4ms)


Started GET "/users" for 127.0.0.1 at 2019-01-14 18:55:49 +0545
Processing by UsersController#index as HTML
  Rendering users/index.html.erb within layouts/application
  [1m[36mUser Load (0.3ms)[0m  [1m[34mSELECT "users".* FROM "users"[0m
  ↳ app/views/users/index.html.erb:15
  Rendered users/index.html.erb within layouts/application (2.2ms)
Completed 200 OK in 201ms (Views: 170.1ms | ActiveRecord: 0.3ms)


Started GET "/users/new" for 127.0.0.1 at 2019-01-14 18:55:52 +0545
Processing by UsersController#new as HTML
  Rendering users/new.html.erb within layouts/application
  Rendered users/_form.html.erb (3.7ms)
  Rendered users/new.html.erb within layouts/application (50.9ms)
Completed 200 OK in 288ms (Views: 248.3ms | ActiveRecord: 0.0ms)


Started POST "/users" for 127.0.0.1 at 2019-01-14 18:56:03 +0545
Processing by UsersController#create as HTML
  Parameters: {"utf8"=>"✓", "authenticity_token"=>"wU4LjUzshwDDaNT78Ysr0rHBELXlMhgzOKywNxCNSky5celo2VYWrs6td+zaSKrDz2Ag8YKLrRkJPPQ4kFmQ6Q==", "user"=>{"name"=>"malla bahadur", "email"=>"mallabahadur@gmail.com"}, "commit"=>"Create User"}
  [1m[35m (0.1ms)[0m  [1m[36mbegin transaction[0m
  ↳ app/controllers/users_controller.rb:30
  [1m[36mUser Create (1.7ms)[0m  [1m[32mINSERT INTO "users" ("name", "email", "created_at", "updated_at") VALUES (?, ?, ?, ?)[0m  [["name", "malla bahadur"], ["email", "mallabahadur@gmail.com"], ["created_at", "2019-01-14 13:11:03.496257"], ["updated_at", "2019-01-14 13:11:03.496257"]]
  ↳ app/controllers/users_controller.rb:30
  [1m[35m (74.5ms)[0m  [1m[36mcommit transaction[0m
  ↳ app/controllers/users_controller.rb:30
Redirected to http://localhost:3000/users/3
Completed 302 Found in 82ms (ActiveRecord: 76.3ms)


Started GET "/users/3" for 127.0.0.1 at 2019-01-14 18:56:03 +0545
Processing by UsersController#show as HTML
  Parameters: {"id"=>"3"}
  [1m[36mUser Load (0.3ms)[0m  [1m[34mSELECT  "users".* FROM "users" WHERE "users"."id" = ? LIMIT ?[0m  [["id", 3], ["LIMIT", 1]]
  ↳ app/controllers/users_controller.rb:67
  Rendering users/show.html.erb within layouts/application
  Rendered users/show.html.erb within layouts/application (0.8ms)
Completed 200 OK in 244ms (Views: 207.7ms | ActiveRecord: 0.3ms)


Started GET "/users" for 127.0.0.1 at 2019-01-14 18:56:05 +0545
Processing by UsersController#index as HTML
  Rendering users/index.html.erb within layouts/application
  [1m[36mUser Load (0.3ms)[0m  [1m[34mSELECT "users".* FROM "users"[0m
  ↳ app/views/users/index.html.erb:15
  Rendered users/index.html.erb within layouts/application (2.6ms)
Completed 200 OK in 198ms (Views: 167.9ms | ActiveRecord: 0.3ms)


Started DELETE "/users/3" for 127.0.0.1 at 2019-01-14 18:56:14 +0545
Processing by UsersController#destroy as HTML
  Parameters: {"authenticity_token"=>"yTLof3e6xccErDkJUD5NF8opyQDp360T/5W9GJ/h4wsVHi6InomoU1EQO/2A1pG3yT41rnNoCLN3fu4r/jktXg==", "id"=>"3"}
  [1m[36mUser Load (0.5ms)[0m  [1m[34mSELECT  "users".* FROM "users" WHERE "users"."id" = ? LIMIT ?[0m  [["id", 3], ["LIMIT", 1]]
  ↳ app/controllers/users_controller.rb:67
  [1m[35m (0.1ms)[0m  [1m[36mbegin transaction[0m
  ↳ app/controllers/users_controller.rb:57
  [1m[36mUser Destroy (1.3ms)[0m  [1m[31mDELETE FROM "users" WHERE "users"."id" = ?[0m  [["id", 3]]
  ↳ app/controllers/users_controller.rb:57
  [1m[35m (112.2ms)[0m  [1m[36mcommit transaction[0m
  ↳ app/controllers/users_controller.rb:57
Redirected to http://localhost:3000/users
Completed 302 Found in 119ms (ActiveRecord: 114.1ms)


Started GET "/users" for 127.0.0.1 at 2019-01-14 18:56:14 +0545
Processing by UsersController#index as HTML
  Rendering users/index.html.erb within layouts/application
  [1m[36mUser Load (0.3ms)[0m  [1m[34mSELECT "users".* FROM "users"[0m
  ↳ app/views/users/index.html.erb:15
  Rendered users/index.html.erb within layouts/application (2.7ms)
Completed 200 OK in 197ms (Views: 162.0ms | ActiveRecord: 0.3ms)


  [1m[35m (0.3ms)[0m  [1m[34mSELECT "schema_migrations"."version" FROM "schema_migrations" ORDER BY "schema_migrations"."version" ASC[0m
  ↳ bin/rails:4
Migrating to CreateMicroposts (20190114131207)
  [1m[35m (0.1ms)[0m  [1m[36mbegin transaction[0m
  ↳ bin/rails:4
  [1m[35m (0.1ms)[0m  [1m[34mSELECT sqlite_version(*)[0m
  ↳ db/migrate/20190114131207_create_microposts.rb:3
  [1m[35m (1.6ms)[0m  [1m[35mCREATE TABLE "microposts" ("id" integer PRIMARY KEY AUTOINCREMENT NOT NULL, "content" text, "user_id" integer, "created_at" datetime NOT NULL, "updated_at" datetime NOT NULL)[0m
  ↳ db/migrate/20190114131207_create_microposts.rb:3
  [1m[36mActiveRecord::SchemaMigration Create (0.2ms)[0m  [1m[32mINSERT INTO "schema_migrations" ("version") VALUES (?)[0m  [["version", "20190114131207"]]
  ↳ bin/rails:4
  [1m[35m (96.8ms)[0m  [1m[36mcommit transaction[0m
  ↳ bin/rails:4
  [1m[36mActiveRecord::InternalMetadata Load (0.3ms)[0m  [1m[34mSELECT  "ar_internal_metadata".* FROM "ar_internal_metadata" WHERE "ar_internal_metadata"."key" = ? LIMIT ?[0m  [["key", "environment"], ["LIMIT", 1]]
  ↳ bin/rails:4
  [1m[35m (0.1ms)[0m  [1m[36mbegin transaction[0m
  ↳ bin/rails:4
  [1m[35m (0.0ms)[0m  [1m[36mcommit transaction[0m
  ↳ bin/rails:4
  [1m[35m (0.3ms)[0m  [1m[34mSELECT "schema_migrations"."version" FROM "schema_migrations" ORDER BY "schema_migrations"."version" ASC[0m
  ↳ bin/rails:4
Started GET "/microposts" for 127.0.0.1 at 2019-01-14 18:59:47 +0545
  [1m[35m (0.3ms)[0m  [1m[34mSELECT "schema_migrations"."version" FROM "schema_migrations" ORDER BY "schema_migrations"."version" ASC[0m
  ↳ C:/RailsInstaller/Ruby2.3.3/lib/ruby/gems/2.3.0/gems/activerecord-5.2.2/lib/active_record/log_subscriber.rb:98
Processing by MicropostsController#index as HTML
  Rendering microposts/index.html.erb within layouts/application
  [1m[36mMicropost Load (0.3ms)[0m  [1m[34mSELECT "microposts".* FROM "microposts"[0m
  ↳ app/views/microposts/index.html.erb:15
  Rendered microposts/index.html.erb within layouts/application (5.2ms)
Completed 200 OK in 1069ms (Views: 1017.4ms | ActiveRecord: 0.9ms)


Started GET "/microposts/new" for 127.0.0.1 at 2019-01-14 19:00:14 +0545
Processing by MicropostsController#new as HTML
  Rendering microposts/new.html.erb within layouts/application
  Rendered microposts/_form.html.erb (69.9ms)
  Rendered microposts/new.html.erb within layouts/application (113.8ms)
Completed 200 OK in 366ms (Views: 321.1ms | ActiveRecord: 1.9ms)


Started POST "/microposts" for 127.0.0.1 at 2019-01-14 19:00:31 +0545
Processing by MicropostsController#create as HTML
  Parameters: {"utf8"=>"✓", "authenticity_token"=>"4TKxstEwx4xtvsiHhnrg1/CALHsH/yh3MpnHLi3W/uByUD/v9mOb1cBxfqKBpxPkz5HQ9HOU9LhF8PyKP1r+XA==", "micropost"=>{"content"=>"First Micropost", "user_id"=>"1"}, "commit"=>"Create Micropost"}
  [1m[35m (0.1ms)[0m  [1m[36mbegin transaction[0m
  ↳ app/controllers/microposts_controller.rb:30
  [1m[36mMicropost Create (1.8ms)[0m  [1m[32mINSERT INTO "microposts" ("content", "user_id", "created_at", "updated_at") VALUES (?, ?, ?, ?)[0m  [["content", "First Micropost"], ["user_id", 1], ["created_at", "2019-01-14 13:15:31.103614"], ["updated_at", "2019-01-14 13:15:31.103614"]]
  ↳ app/controllers/microposts_controller.rb:30
  [1m[35m (66.3ms)[0m  [1m[36mcommit transaction[0m
  ↳ app/controllers/microposts_controller.rb:30
Redirected to http://localhost:3000/microposts/1
Completed 302 Found in 76ms (ActiveRecord: 68.3ms)


Started GET "/microposts/1" for 127.0.0.1 at 2019-01-14 19:00:31 +0545
Processing by MicropostsController#show as HTML
  Parameters: {"id"=>"1"}
  [1m[36mMicropost Load (0.4ms)[0m  [1m[34mSELECT  "microposts".* FROM "microposts" WHERE "microposts"."id" = ? LIMIT ?[0m  [["id", 1], ["LIMIT", 1]]
  ↳ app/controllers/microposts_controller.rb:67
  Rendering microposts/show.html.erb within layouts/application
  Rendered microposts/show.html.erb within layouts/application (1.0ms)
Completed 200 OK in 246ms (Views: 200.1ms | ActiveRecord: 0.4ms)


Started GET "/microposts" for 127.0.0.1 at 2019-01-14 19:00:34 +0545
Processing by MicropostsController#index as HTML
  Rendering microposts/index.html.erb within layouts/application
  [1m[36mMicropost Load (0.3ms)[0m  [1m[34mSELECT "microposts".* FROM "microposts"[0m
  ↳ app/views/microposts/index.html.erb:15
  Rendered microposts/index.html.erb within layouts/application (7.0ms)
Completed 200 OK in 224ms (Views: 193.7ms | ActiveRecord: 0.3ms)


Started GET "/microposts/new" for 127.0.0.1 at 2019-01-14 19:00:37 +0545
Processing by MicropostsController#new as HTML
  Rendering microposts/new.html.erb within layouts/application
  Rendered microposts/_form.html.erb (3.3ms)
  Rendered microposts/new.html.erb within layouts/application (35.2ms)
Completed 200 OK in 266ms (Views: 227.7ms | ActiveRecord: 0.0ms)


Started GET "/microposts" for 127.0.0.1 at 2019-01-14 19:00:40 +0545
Processing by MicropostsController#index as HTML
  Rendering microposts/index.html.erb within layouts/application
  [1m[36mMicropost Load (0.3ms)[0m  [1m[34mSELECT "microposts".* FROM "microposts"[0m
  ↳ app/views/microposts/index.html.erb:15
  Rendered microposts/index.html.erb within layouts/application (2.2ms)
Completed 200 OK in 206ms (Views: 166.2ms | ActiveRecord: 0.3ms)


Started GET "/microposts/new" for 127.0.0.1 at 2019-01-14 19:00:42 +0545
Processing by MicropostsController#new as HTML
  Rendering microposts/new.html.erb within layouts/application
  Rendered microposts/_form.html.erb (3.5ms)
  Rendered microposts/new.html.erb within layouts/application (47.0ms)
Completed 200 OK in 281ms (Views: 239.7ms | ActiveRecord: 0.0ms)


Started POST "/microposts" for 127.0.0.1 at 2019-01-14 19:00:52 +0545
Processing by MicropostsController#create as HTML
  Parameters: {"utf8"=>"✓", "authenticity_token"=>"WBMLpGndTwlt1hbmHKq1LIXmSxVIX+fqEcHaq1/tIfXLcYX5To4TUMAZoMMbd0Yfuve3mjw0OyVmqOEPTWEhSQ==", "micropost"=>{"content"=>"Second Micropost", "user_id"=>"1"}, "commit"=>"Create Micropost"}
  [1m[35m (0.1ms)[0m  [1m[36mbegin transaction[0m
  ↳ app/controllers/microposts_controller.rb:30
  [1m[36mMicropost Create (1.8ms)[0m  [1m[32mINSERT INTO "microposts" ("content", "user_id", "created_at", "updated_at") VALUES (?, ?, ?, ?)[0m  [["content", "Second Micropost"], ["user_id", 1], ["created_at", "2019-01-14 13:15:52.697504"], ["updated_at", "2019-01-14 13:15:52.697504"]]
  ↳ app/controllers/microposts_controller.rb:30
  [1m[35m (107.5ms)[0m  [1m[36mcommit transaction[0m
  ↳ app/controllers/microposts_controller.rb:30
Redirected to http://localhost:3000/microposts/2
Completed 302 Found in 117ms (ActiveRecord: 109.4ms)


Started GET "/microposts/2" for 127.0.0.1 at 2019-01-14 19:00:52 +0545
Processing by MicropostsController#show as HTML
  Parameters: {"id"=>"2"}
  [1m[36mMicropost Load (0.3ms)[0m  [1m[34mSELECT  "microposts".* FROM "microposts" WHERE "microposts"."id" = ? LIMIT ?[0m  [["id", 2], ["LIMIT", 1]]
  ↳ app/controllers/microposts_controller.rb:67
  Rendering microposts/show.html.erb within layouts/application
  Rendered microposts/show.html.erb within layouts/application (0.8ms)
Completed 200 OK in 223ms (Views: 179.7ms | ActiveRecord: 0.3ms)


Started GET "/microposts" for 127.0.0.1 at 2019-01-14 19:00:55 +0545
Processing by MicropostsController#index as HTML
  Rendering microposts/index.html.erb within layouts/application
  [1m[36mMicropost Load (0.4ms)[0m  [1m[34mSELECT "microposts".* FROM "microposts"[0m
  ↳ app/views/microposts/index.html.erb:15
  Rendered microposts/index.html.erb within layouts/application (3.0ms)
Completed 200 OK in 211ms (Views: 171.9ms | ActiveRecord: 0.4ms)


Started GET "/microposts/new" for 127.0.0.1 at 2019-01-14 19:01:38 +0545
Processing by MicropostsController#new as HTML
  Rendering microposts/new.html.erb within layouts/application
  Rendered microposts/_form.html.erb (6.9ms)
  Rendered microposts/new.html.erb within layouts/application (37.7ms)
Completed 200 OK in 240ms (Views: 190.4ms | ActiveRecord: 1.4ms)


Started POST "/microposts" for 127.0.0.1 at 2019-01-14 19:02:01 +0545
Processing by MicropostsController#create as HTML
  Parameters: {"utf8"=>"✓", "authenticity_token"=>"0SAfR27USno5aKWHzPQ9TX0Fps1zJv0bcuaFhKuF/shCQpEaSYcWI5SnE6LLKc5+QhRaQgdNIdQFj74guQn+dA==", "micropost"=>{"content"=>"Lorem Ipsum is simply dummy text of the printing and typesetting industry. Lorem Ipsum has been the industry's standard dummy text ever since the 1500s, when an unknown printer took a galley of type and scrambled it to make a type specimen book. It has survived not only five centuries, but also the leap into electronic typesetting, remaining essentially unchanged. It was popularised in the 1960s with the release of Letraset sheets containing Lorem Ipsum passages, and more recently with desktop publishing software like Aldus PageMaker including versions of Lorem Ipsum.", "user_id"=>"1"}, "commit"=>"Create Micropost"}
  [1m[35m (0.1ms)[0m  [1m[36mbegin transaction[0m
  ↳ app/controllers/microposts_controller.rb:30
  [1m[35m (0.1ms)[0m  [1m[31mrollback transaction[0m
  ↳ app/controllers/microposts_controller.rb:30
  Rendering microposts/new.html.erb within layouts/application
  Rendered microposts/_form.html.erb (3.6ms)
  Rendered microposts/new.html.erb within layouts/application (42.9ms)
Completed 200 OK in 223ms (Views: 217.1ms | ActiveRecord: 0.2ms)


  [1m[36mUser Load (0.3ms)[0m  [1m[34mSELECT  "users".* FROM "users" ORDER BY "users"."id" ASC LIMIT ?[0m  [["LIMIT", 1]]
  [1m[36mMicropost Load (0.3ms)[0m  [1m[34mSELECT  "microposts".* FROM "microposts" WHERE "microposts"."user_id" = ? LIMIT ?[0m  [["user_id", 1], ["LIMIT", 11]]
Started GET "/microposts" for 127.0.0.1 at 2019-01-14 19:07:59 +0545
  [1m[35m (0.5ms)[0m  [1m[34mSELECT "schema_migrations"."version" FROM "schema_migrations" ORDER BY "schema_migrations"."version" ASC[0m
  ↳ C:/RailsInstaller/Ruby2.3.3/lib/ruby/gems/2.3.0/gems/activerecord-5.2.2/lib/active_record/log_subscriber.rb:98
Processing by MicropostsController#index as HTML
  Rendering microposts/index.html.erb within layouts/application
  [1m[36mMicropost Load (0.4ms)[0m  [1m[34mSELECT "microposts".* FROM "microposts"[0m
  ↳ app/views/microposts/index.html.erb:15
  Rendered microposts/index.html.erb within layouts/application (39.1ms)
Completed 200 OK in 1096ms (Views: 1033.0ms | ActiveRecord: 2.0ms)


Started GET "/microposts/new" for 127.0.0.1 at 2019-01-14 19:08:34 +0545
Processing by MicropostsController#new as HTML
  Rendering microposts/new.html.erb within layouts/application
  Rendered microposts/_form.html.erb (327.9ms)
  Rendered microposts/new.html.erb within layouts/application (370.6ms)
Completed 200 OK in 613ms (Views: 582.1ms | ActiveRecord: 0.0ms)


Started POST "/microposts" for 127.0.0.1 at 2019-01-14 19:08:39 +0545
Processing by MicropostsController#create as HTML
  Parameters: {"utf8"=>"✓", "authenticity_token"=>"No//BnyruI0Gt4X5Os/lklg1YQTl4YUTwiOq7rd01I+l7XFbW/jk1Kt4M9w9EhahZySdi5GKWdy1SpFKpfjUMw==", "micropost"=>{"content"=>"", "user_id"=>"1"}, "commit"=>"Create Micropost"}
  [1m[35m (0.2ms)[0m  [1m[36mbegin transaction[0m
  ↳ app/controllers/microposts_controller.rb:30
  [1m[36mUser Load (0.6ms)[0m  [1m[34mSELECT  "users".* FROM "users" WHERE "users"."id" = ? LIMIT ?[0m  [["id", 1], ["LIMIT", 1]]
  ↳ app/controllers/microposts_controller.rb:30
  [1m[35m (0.1ms)[0m  [1m[31mrollback transaction[0m
  ↳ app/controllers/microposts_controller.rb:30
  Rendering microposts/new.html.erb within layouts/application
  Rendered microposts/_form.html.erb (3.3ms)
  Rendered microposts/new.html.erb within layouts/application (36.9ms)
Completed 200 OK in 309ms (Views: 230.2ms | ActiveRecord: 1.6ms)


Started GET "/" for 127.0.0.1 at 2019-01-14 19:09:19 +0545
Processing by UsersController#index as HTML
Completed 500 Internal Server Error in 12ms (ActiveRecord: 0.0ms)


  
NameError (uninitialized constant User::FILL_IN):
  
app/models/user.rb:3:in `<class:User>'
app/models/user.rb:1:in `<top (required)>'
app/controllers/users_controller.rb:7:in `index'
Started GET "/" for 127.0.0.1 at 2019-01-14 19:10:54 +0545
Processing by UsersController#index as HTML
Completed 500 Internal Server Error in 49ms (ActiveRecord: 0.0ms)


  
SyntaxError (C:/environment/ruby-toyapp/app/models/user.rb:3: syntax error, unexpected ':', expecting keyword_end
    presence: true
             ^):
  
app/models/user.rb:3: syntax error, unexpected ':', expecting keyword_end
app/controllers/users_controller.rb:7:in `index'
Started GET "/" for 127.0.0.1 at 2019-01-14 19:11:32 +0545
Processing by UsersController#index as HTML
Completed 500 Internal Server Error in 6ms (ActiveRecord: 0.0ms)


  
ArgumentError (Unknown key: :presence. Valid keys are: :class_name, :anonymous_class, :foreign_key, :validate, :autosave, :table_name, :before_add, :after_add, :before_remove, :after_remove, :extend, :primary_key, :dependent, :as, :through, :source, :source_type, :inverse_of, :counter_cache, :join_table, :foreign_type, :index_errors):
  
app/models/user.rb:2:in `<class:User>'
app/models/user.rb:1:in `<top (required)>'
app/controllers/users_controller.rb:7:in `index'
Started GET "/" for 127.0.0.1 at 2019-01-14 19:13:47 +0545
Processing by UsersController#index as HTML
  Rendering users/index.html.erb within layouts/application
  [1m[36mUser Load (0.5ms)[0m  [1m[34mSELECT "users".* FROM "users"[0m
  ↳ app/views/users/index.html.erb:15
  Rendered users/index.html.erb within layouts/application (12.6ms)
Completed 200 OK in 248ms (Views: 204.3ms | ActiveRecord: 1.8ms)


Started GET "/users/new" for 127.0.0.1 at 2019-01-14 19:13:51 +0545
Processing by UsersController#new as HTML
  Rendering users/new.html.erb within layouts/application
  Rendered users/_form.html.erb (2.7ms)
  Rendered users/new.html.erb within layouts/application (37.3ms)
Completed 200 OK in 230ms (Views: 195.2ms | ActiveRecord: 0.0ms)


Started POST "/users" for 127.0.0.1 at 2019-01-14 19:13:57 +0545
Processing by UsersController#create as HTML
  Parameters: {"utf8"=>"✓", "authenticity_token"=>"CYnTwfGB2o8pTcxp2xhNU+kZ3EhCCDaU/RiL0yJWLuhxtjEkZDtLISSIb37w28xCl7jsDCWxg77MiM/cooL0TQ==", "user"=>{"name"=>"", "email"=>"sadsadsa"}, "commit"=>"Create User"}
  [1m[35m (0.2ms)[0m  [1m[36mbegin transaction[0m
  ↳ app/controllers/users_controller.rb:30
  [1m[35m (0.1ms)[0m  [1m[31mrollback transaction[0m
  ↳ app/controllers/users_controller.rb:30
Completed 500 Internal Server Error in 20ms (ActiveRecord: 0.3ms)


  
NoMethodError (undefined method `content' for #<User:0xac38150>):
  
app/controllers/users_controller.rb:30:in `block in create'
app/controllers/users_controller.rb:29:in `create'
Started POST "/users" for 127.0.0.1 at 2019-01-14 19:14:21 +0545
Processing by UsersController#create as HTML
  Parameters: {"utf8"=>"✓", "authenticity_token"=>"MU50+SmH61thtbgncrM3wOZMG0yjCyrmscgf2jjzkqTtYrIOwLSGzzQJutOiW+tg5Vvn4jm8j0Y5I0zpWStc8Q==", "user"=>{"name"=>"", "email"=>""}, "commit"=>"Create User"}
  [1m[35m (0.1ms)[0m  [1m[36mbegin transaction[0m
  ↳ app/controllers/users_controller.rb:30
  [1m[35m (0.0ms)[0m  [1m[31mrollback transaction[0m
  ↳ app/controllers/users_controller.rb:30
Completed 500 Internal Server Error in 12ms (ActiveRecord: 0.1ms)


  
NoMethodError (undefined method `content' for #<User:0xb82a170>):
  
app/controllers/users_controller.rb:30:in `block in create'
app/controllers/users_controller.rb:29:in `create'
Started GET "/users/new" for 127.0.0.1 at 2019-01-14 19:14:50 +0545
Processing by UsersController#new as HTML
  Rendering users/new.html.erb within layouts/application
  Rendered users/_form.html.erb (7.0ms)
  Rendered users/new.html.erb within layouts/application (46.3ms)
Completed 200 OK in 308ms (Views: 252.0ms | ActiveRecord: 1.4ms)


Started POST "/users" for 127.0.0.1 at 2019-01-14 19:15:03 +0545
Processing by UsersController#create as HTML
  Parameters: {"utf8"=>"✓", "authenticity_token"=>"4jgfPBuE1ZyaVTLJLKTn0atjaDDueVCaLlFg/NjWKK0+FNnL8re4CM/pMD38TDtxqHSUnnTO9TqmujPPuQ7m+A==", "user"=>{"name"=>"Sushant", "email"=>"shresthasushaant@gmail.com"}, "commit"=>"Create User"}
  [1m[35m (0.1ms)[0m  [1m[36mbegin transaction[0m
  ↳ app/controllers/users_controller.rb:30
  [1m[36mUser Create (1.4ms)[0m  [1m[32mINSERT INTO "users" ("name", "email", "created_at", "updated_at") VALUES (?, ?, ?, ?)[0m  [["name", "Sushant"], ["email", "shresthasushaant@gmail.com"], ["created_at", "2019-01-14 13:30:03.079598"], ["updated_at", "2019-01-14 13:30:03.079598"]]
  ↳ app/controllers/users_controller.rb:30
  [1m[35m (131.9ms)[0m  [1m[36mcommit transaction[0m
  ↳ app/controllers/users_controller.rb:30
Redirected to http://localhost:3000/users/4
Completed 302 Found in 138ms (ActiveRecord: 133.4ms)


Started GET "/users/4" for 127.0.0.1 at 2019-01-14 19:15:03 +0545
Processing by UsersController#show as HTML
  Parameters: {"id"=>"4"}
  [1m[36mUser Load (0.3ms)[0m  [1m[34mSELECT  "users".* FROM "users" WHERE "users"."id" = ? LIMIT ?[0m  [["id", 4], ["LIMIT", 1]]
  ↳ app/controllers/users_controller.rb:67
  Rendering users/show.html.erb within layouts/application
  Rendered users/show.html.erb within layouts/application (1.0ms)
Completed 200 OK in 211ms (Views: 173.7ms | ActiveRecord: 0.3ms)


Started GET "/users" for 127.0.0.1 at 2019-01-14 19:15:05 +0545
Processing by UsersController#index as HTML
  Rendering users/index.html.erb within layouts/application
  [1m[36mUser Load (0.4ms)[0m  [1m[34mSELECT "users".* FROM "users"[0m
  ↳ app/views/users/index.html.erb:15
  Rendered users/index.html.erb within layouts/application (3.8ms)
Completed 200 OK in 193ms (Views: 159.3ms | ActiveRecord: 0.4ms)


Started GET "/users/new" for 127.0.0.1 at 2019-01-14 19:15:08 +0545
Processing by UsersController#new as HTML
  Rendering users/new.html.erb within layouts/application
  Rendered users/_form.html.erb (3.8ms)
  Rendered users/new.html.erb within layouts/application (35.9ms)
Completed 200 OK in 242ms (Views: 207.6ms | ActiveRecord: 0.0ms)


Started POST "/users" for 127.0.0.1 at 2019-01-14 19:15:10 +0545
Processing by UsersController#create as HTML
  Parameters: {"utf8"=>"✓", "authenticity_token"=>"oqbiMbpuOPFdZzJBmQ5ojoetiOKjEbtxr2XcD/4+clDamQDUL9SpX1CikVayzemf+Qy4psSoDlue9ZgAfuqo9Q==", "user"=>{"name"=>"", "email"=>""}, "commit"=>"Create User"}
  [1m[35m (0.1ms)[0m  [1m[36mbegin transaction[0m
  ↳ app/controllers/users_controller.rb:30
  [1m[36mUser Create (1.3ms)[0m  [1m[32mINSERT INTO "users" ("name", "email", "created_at", "updated_at") VALUES (?, ?, ?, ?)[0m  [["name", ""], ["email", ""], ["created_at", "2019-01-14 13:30:10.231117"], ["updated_at", "2019-01-14 13:30:10.231117"]]
  ↳ app/controllers/users_controller.rb:30
  [1m[35m (77.4ms)[0m  [1m[36mcommit transaction[0m
  ↳ app/controllers/users_controller.rb:30
Redirected to http://localhost:3000/users/5
Completed 302 Found in 83ms (ActiveRecord: 78.7ms)


Started GET "/users/5" for 127.0.0.1 at 2019-01-14 19:15:10 +0545
Processing by UsersController#show as HTML
  Parameters: {"id"=>"5"}
  [1m[36mUser Load (0.3ms)[0m  [1m[34mSELECT  "users".* FROM "users" WHERE "users"."id" = ? LIMIT ?[0m  [["id", 5], ["LIMIT", 1]]
  ↳ app/controllers/users_controller.rb:67
  Rendering users/show.html.erb within layouts/application
  Rendered users/show.html.erb within layouts/application (0.9ms)
Completed 200 OK in 251ms (Views: 210.2ms | ActiveRecord: 0.3ms)


Started GET "/users" for 127.0.0.1 at 2019-01-14 19:15:13 +0545
Processing by UsersController#index as HTML
  Rendering users/index.html.erb within layouts/application
  [1m[36mUser Load (0.6ms)[0m  [1m[34mSELECT "users".* FROM "users"[0m
  ↳ app/views/users/index.html.erb:15
  Rendered users/index.html.erb within layouts/application (2.9ms)
Completed 200 OK in 250ms (Views: 207.1ms | ActiveRecord: 0.6ms)


Started GET "/users" for 127.0.0.1 at 2019-01-14 19:15:37 +0545
Processing by UsersController#index as HTML
Completed 500 Internal Server Error in 7ms (ActiveRecord: 0.0ms)


  
ArgumentError (You need to supply at least one attribute):
  
app/models/user.rb:4:in `<class:User>'
app/models/user.rb:1:in `<top (required)>'
app/controllers/users_controller.rb:7:in `index'
Started GET "/users" for 127.0.0.1 at 2019-01-14 19:16:24 +0545
Processing by UsersController#index as HTML
  Rendering users/index.html.erb within layouts/application
  [1m[36mUser Load (0.4ms)[0m  [1m[34mSELECT "users".* FROM "users"[0m
  ↳ app/views/users/index.html.erb:15
  Rendered users/index.html.erb within layouts/application (10.8ms)
Completed 200 OK in 237ms (Views: 188.8ms | ActiveRecord: 1.5ms)


Started DELETE "/users/5" for 127.0.0.1 at 2019-01-14 19:16:28 +0545
Processing by UsersController#destroy as HTML
  Parameters: {"authenticity_token"=>"Q2TaoDnanslZEJa6J1erB/298elunK0Qft47OlJbcOafSBxX0OnzXQyslE73v3en/qoNR/QrCLD2NWgJM4O+sw==", "id"=>"5"}
  [1m[36mUser Load (0.4ms)[0m  [1m[34mSELECT  "users".* FROM "users" WHERE "users"."id" = ? LIMIT ?[0m  [["id", 5], ["LIMIT", 1]]
  ↳ app/controllers/users_controller.rb:67
  [1m[35m (0.2ms)[0m  [1m[36mbegin transaction[0m
  ↳ app/controllers/users_controller.rb:57
  [1m[36mUser Destroy (2.4ms)[0m  [1m[31mDELETE FROM "users" WHERE "users"."id" = ?[0m  [["id", 5]]
  ↳ app/controllers/users_controller.rb:57
  [1m[35m (114.3ms)[0m  [1m[36mcommit transaction[0m
  ↳ app/controllers/users_controller.rb:57
Redirected to http://localhost:3000/users
Completed 302 Found in 126ms (ActiveRecord: 117.3ms)


Started GET "/users" for 127.0.0.1 at 2019-01-14 19:16:28 +0545
Processing by UsersController#index as HTML
  Rendering users/index.html.erb within layouts/application
  [1m[36mUser Load (0.3ms)[0m  [1m[34mSELECT "users".* FROM "users"[0m
  ↳ app/views/users/index.html.erb:15
  Rendered users/index.html.erb within layouts/application (3.8ms)
Completed 200 OK in 250ms (Views: 197.5ms | ActiveRecord: 0.3ms)


Started GET "/users/new" for 127.0.0.1 at 2019-01-14 19:16:30 +0545
Processing by UsersController#new as HTML
  Rendering users/new.html.erb within layouts/application
  Rendered users/_form.html.erb (8.4ms)
  Rendered users/new.html.erb within layouts/application (44.9ms)
Completed 200 OK in 249ms (Views: 215.2ms | ActiveRecord: 0.0ms)


Started POST "/users" for 127.0.0.1 at 2019-01-14 19:16:32 +0545
Processing by UsersController#create as HTML
  Parameters: {"utf8"=>"✓", "authenticity_token"=>"4zB3vDa37svIwNqttP/qVxg3KVZ2S0y+02ynbVgQaZibD5VZow1/ZcUFebqfPGtGZpYZEhHy+ZTi/ONi2MSzPQ==", "user"=>{"name"=>"", "email"=>""}, "commit"=>"Create User"}
  [1m[35m (0.1ms)[0m  [1m[36mbegin transaction[0m
  ↳ app/controllers/users_controller.rb:30
  [1m[35m (0.1ms)[0m  [1m[31mrollback transaction[0m
  ↳ app/controllers/users_controller.rb:30
  Rendering users/new.html.erb within layouts/application
  Rendered users/_form.html.erb (3.9ms)
  Rendered users/new.html.erb within layouts/application (40.0ms)
Completed 200 OK in 226ms (Views: 221.2ms | ActiveRecord: 0.2ms)


Started GET "/users" for 127.0.0.1 at 2019-01-14 19:16:37 +0545
Processing by UsersController#index as HTML
  Rendering users/index.html.erb within layouts/application
  [1m[36mUser Load (0.3ms)[0m  [1m[34mSELECT "users".* FROM "users"[0m
  ↳ app/views/users/index.html.erb:15
  Rendered users/index.html.erb within layouts/application (2.6ms)
Completed 200 OK in 188ms (Views: 158.3ms | ActiveRecord: 0.3ms)


